0 info it worked if it ends with ok
1 verbose cli [ 'C:\\Program Files\\nodejs\\\\node.exe',
1 verbose cli   'C:\\Program Files\\nodejs\\node_modules\\npm\\bin\\npm-cli.js',
1 verbose cli   'install',
1 verbose cli   'robotjs' ]
2 info using npm@2.10.1
3 info using node@v0.12.4
4 verbose install initial load of C:\dev\sites\lanastasov.github.io\package.json
5 verbose readDependencies loading dependencies from C:\dev\sites\lanastasov.github.io\package.json
6 silly cache add args [ 'robotjs', null ]
7 verbose cache add spec robotjs
8 silly cache add parsed spec { raw: 'robotjs',
8 silly cache add   scope: null,
8 silly cache add   name: 'robotjs',
8 silly cache add   rawSpec: '',
8 silly cache add   spec: '*',
8 silly cache add   type: 'range' }
9 silly addNamed robotjs@*
10 verbose addNamed "*" is a valid semver range for robotjs
11 silly addNameRange { name: 'robotjs', range: '*', hasData: false }
12 silly mapToRegistry name robotjs
13 silly mapToRegistry using default registry
14 silly mapToRegistry registry https://registry.npmjs.org/
15 silly mapToRegistry uri https://registry.npmjs.org/robotjs
16 verbose addNameRange registry:https://registry.npmjs.org/robotjs not in flight; fetching
17 verbose request uri https://registry.npmjs.org/robotjs
18 verbose request no auth needed
19 info attempt registry request try #1 at 5:53:16 AM
20 verbose request id 226d5b4635f8fdac
21 http request GET https://registry.npmjs.org/robotjs
22 http 200 https://registry.npmjs.org/robotjs
23 silly get cb [ 200,
23 silly get   { server: 'CouchDB/1.5.0 (Erlang OTP/R16B03)',
23 silly get     etag: '"E2PKFRZX6OW2SRGUWQG9OT5KF"',
23 silly get     'content-type': 'application/json',
23 silly get     'cache-control': 'max-age=60',
23 silly get     'content-length': '18541',
23 silly get     'accept-ranges': 'bytes',
23 silly get     date: 'Tue, 04 Aug 2015 02:53:17 GMT',
23 silly get     via: '1.1 varnish',
23 silly get     age: '0',
23 silly get     connection: 'keep-alive',
23 silly get     'x-served-by': 'cache-fra1240-FRA',
23 silly get     'x-cache': 'MISS',
23 silly get     'x-cache-hits': '0',
23 silly get     'x-timer': 'S1438656796.978185,VS0,VE533',
23 silly get     vary: 'Accept' } ]
24 verbose get saving robotjs to C:\Users\lanastasov\AppData\Roaming\npm-cache\registry.npmjs.org\robotjs\.cache.json
25 silly addNameRange number 2 { name: 'robotjs', range: '*', hasData: true }
26 silly addNameRange versions [ 'robotjs',
26 silly addNameRange   [ '0.0.1',
26 silly addNameRange     '0.0.2',
26 silly addNameRange     '0.0.3',
26 silly addNameRange     '0.0.4',
26 silly addNameRange     '0.0.5',
26 silly addNameRange     '0.1.0',
26 silly addNameRange     '0.1.1',
26 silly addNameRange     '0.1.2',
26 silly addNameRange     '0.1.3',
26 silly addNameRange     '0.1.4',
26 silly addNameRange     '0.2.0',
26 silly addNameRange     '0.2.1',
26 silly addNameRange     '0.2.2' ] ]
27 silly addNamed robotjs@0.2.2
28 verbose addNamed "0.2.2" is a plain semver version for robotjs
29 silly mapToRegistry name robotjs
30 silly mapToRegistry using default registry
31 silly mapToRegistry registry https://registry.npmjs.org/
32 silly mapToRegistry uri https://registry.npmjs.org/robotjs
33 verbose addRemoteTarball https://registry.npmjs.org/robotjs/-/robotjs-0.2.2.tgz not in flight; adding
34 verbose addRemoteTarball [ 'https://registry.npmjs.org/robotjs/-/robotjs-0.2.2.tgz',
34 verbose addRemoteTarball   '8b9c7266dbcbd207d2394090d012f2c7bab459c0' ]
35 info retry fetch attempt 1 at 5:53:17 AM
36 info attempt registry request try #1 at 5:53:17 AM
37 http fetch GET https://registry.npmjs.org/robotjs/-/robotjs-0.2.2.tgz
38 http fetch 200 https://registry.npmjs.org/robotjs/-/robotjs-0.2.2.tgz
39 silly fetchAndShaCheck shasum 8b9c7266dbcbd207d2394090d012f2c7bab459c0
40 verbose addTmpTarball C:\Users\LANAST~1\AppData\Local\Temp\npm-4276-d83f2c93\registry.npmjs.org\robotjs\-\robotjs-0.2.2.tgz not in flight; adding
41 verbose addTmpTarball already have metadata; skipping unpack for robotjs@0.2.2
42 silly cache afterAdd robotjs@0.2.2
43 verbose afterAdd C:\Users\lanastasov\AppData\Roaming\npm-cache\robotjs\0.2.2\package\package.json not in flight; writing
44 verbose afterAdd C:\Users\lanastasov\AppData\Roaming\npm-cache\robotjs\0.2.2\package\package.json written
45 silly install resolved [ { name: 'robotjs',
45 silly install resolved     version: '0.2.2',
45 silly install resolved     description: 'Node.js Desktop Automation.',
45 silly install resolved     main: 'index.js',
45 silly install resolved     scripts: { test: 'node test/all.js', install: 'node-gyp rebuild' },
45 silly install resolved     repository: { type: 'git', url: 'https://github.com/octalmage/robotjs.git' },
45 silly install resolved     keywords:
45 silly install resolved      [ 'Automation',
45 silly install resolved        'GUI',
45 silly install resolved        'mouse',
45 silly install resolved        'keyboard',
45 silly install resolved        'screenshot',
45 silly install resolved        'image',
45 silly install resolved        'pixel' ],
45 silly install resolved     author: { name: 'Jason Stallings' },
45 silly install resolved     license: 'MIT',
45 silly install resolved     gypfile: true,
45 silly install resolved     bugs: { url: 'https://github.com/octalmage/robotjs/issues' },
45 silly install resolved     homepage: 'https://github.com/octalmage/robotjs',
45 silly install resolved     dependencies: { nan: '^1.3.0' },
45 silly install resolved     devDependencies: { tape: '^3.5.0' },
45 silly install resolved     gitHead: 'ec1fd143fdcb2b49612b23701570d7867c06520a',
45 silly install resolved     _id: 'robotjs@0.2.2',
45 silly install resolved     _shasum: '8b9c7266dbcbd207d2394090d012f2c7bab459c0',
45 silly install resolved     _from: 'robotjs@*',
45 silly install resolved     _npmVersion: '1.4.26',
45 silly install resolved     _npmUser: { name: 'octalmage', email: 'jason@stallin.gs' },
45 silly install resolved     maintainers: [ [Object] ],
45 silly install resolved     dist:
45 silly install resolved      { shasum: '8b9c7266dbcbd207d2394090d012f2c7bab459c0',
45 silly install resolved        tarball: 'http://registry.npmjs.org/robotjs/-/robotjs-0.2.2.tgz' },
45 silly install resolved     directories: {},
45 silly install resolved     _resolved: 'https://registry.npmjs.org/robotjs/-/robotjs-0.2.2.tgz' } ]
46 info install robotjs@0.2.2 into C:\dev\sites\lanastasov.github.io
47 info installOne robotjs@0.2.2
48 verbose installOne of robotjs to C:\dev\sites\lanastasov.github.io not in flight; installing
49 verbose lock using C:\Users\lanastasov\AppData\Roaming\npm-cache\_locks\robotjs-88d0c183570d7e9b.lock for C:\dev\sites\lanastasov.github.io\node_modules\robotjs
50 silly install write writing robotjs 0.2.2 to C:\dev\sites\lanastasov.github.io\node_modules\robotjs
51 verbose unbuild node_modules\robotjs
52 silly gentlyRm C:\dev\sites\lanastasov.github.io\node_modules\robotjs is being purged from base C:\dev\sites\lanastasov.github.io
53 verbose gentlyRm don't care about contents; nuking C:\dev\sites\lanastasov.github.io\node_modules\robotjs
54 verbose tar unpack C:\Users\lanastasov\AppData\Roaming\npm-cache\robotjs\0.2.2\package.tgz
55 verbose tar unpacking to C:\dev\sites\lanastasov.github.io\node_modules\robotjs
56 silly gentlyRm C:\dev\sites\lanastasov.github.io\node_modules\robotjs is being purged
57 verbose gentlyRm don't care about contents; nuking C:\dev\sites\lanastasov.github.io\node_modules\robotjs
58 silly gunzTarPerm modes [ '777', '666' ]
59 silly gunzTarPerm extractEntry package.json
60 silly gunzTarPerm modified mode [ 'package.json', 420, 438 ]
61 silly gunzTarPerm extractEntry .npmignore
62 silly gunzTarPerm modified mode [ '.npmignore', 420, 438 ]
63 silly gunzTarPerm extractEntry README.md
64 silly gunzTarPerm modified mode [ 'README.md', 420, 438 ]
65 silly gunzTarPerm extractEntry index.js
66 silly gunzTarPerm modified mode [ 'index.js', 420, 438 ]
67 silly gunzTarPerm extractEntry binding.gyp
68 silly gunzTarPerm modified mode [ 'binding.gyp', 420, 438 ]
69 silly gunzTarPerm extractEntry .travis.yml
70 silly gunzTarPerm modified mode [ '.travis.yml', 420, 438 ]
71 silly gunzTarPerm extractEntry src/microsleep.h
72 silly gunzTarPerm modified mode [ 'src/microsleep.h', 420, 438 ]
73 silly gunzTarPerm extractEntry src/MMBitmap.c
74 silly gunzTarPerm modified mode [ 'src/MMBitmap.c', 420, 438 ]
75 silly gunzTarPerm extractEntry src/MMPointArray.c
76 silly gunzTarPerm modified mode [ 'src/MMPointArray.c', 420, 438 ]
77 silly gunzTarPerm extractEntry src/MMPointArray.h
78 silly gunzTarPerm modified mode [ 'src/MMPointArray.h', 420, 438 ]
79 silly gunzTarPerm extractEntry src/UTHashTable.c
80 silly gunzTarPerm modified mode [ 'src/UTHashTable.c', 420, 438 ]
81 silly gunzTarPerm extractEntry src/UTHashTable.h
82 silly gunzTarPerm modified mode [ 'src/UTHashTable.h', 420, 438 ]
83 silly gunzTarPerm extractEntry src/alert.c
84 silly gunzTarPerm modified mode [ 'src/alert.c', 420, 438 ]
85 silly gunzTarPerm extractEntry src/alert.h
86 silly gunzTarPerm modified mode [ 'src/alert.h', 420, 438 ]
87 silly gunzTarPerm extractEntry src/base64.c
88 silly gunzTarPerm modified mode [ 'src/base64.c', 420, 438 ]
89 silly gunzTarPerm extractEntry src/base64.h
90 silly gunzTarPerm modified mode [ 'src/base64.h', 420, 438 ]
91 silly gunzTarPerm extractEntry src/bitmap_find.c
92 silly gunzTarPerm modified mode [ 'src/bitmap_find.c', 420, 438 ]
93 silly gunzTarPerm extractEntry src/bitmap_find.h
94 silly gunzTarPerm modified mode [ 'src/bitmap_find.h', 420, 438 ]
95 silly gunzTarPerm extractEntry src/bmp_io.c
96 silly gunzTarPerm modified mode [ 'src/bmp_io.c', 420, 438 ]
97 silly gunzTarPerm extractEntry src/bmp_io.h
98 silly gunzTarPerm modified mode [ 'src/bmp_io.h', 420, 438 ]
99 silly gunzTarPerm extractEntry src/color_find.c
100 silly gunzTarPerm modified mode [ 'src/color_find.c', 420, 438 ]
101 silly gunzTarPerm extractEntry src/color_find.h
102 silly gunzTarPerm modified mode [ 'src/color_find.h', 420, 438 ]
103 silly gunzTarPerm extractEntry src/deadbeef_rand.c
104 silly gunzTarPerm modified mode [ 'src/deadbeef_rand.c', 420, 438 ]
105 silly gunzTarPerm extractEntry src/deadbeef_rand.h
106 silly gunzTarPerm modified mode [ 'src/deadbeef_rand.h', 420, 438 ]
107 silly gunzTarPerm extractEntry src/endian.h
108 silly gunzTarPerm modified mode [ 'src/endian.h', 420, 438 ]
109 silly gunzTarPerm extractEntry src/inline_keywords.h
110 silly gunzTarPerm modified mode [ 'src/inline_keywords.h', 420, 438 ]
111 silly gunzTarPerm extractEntry src/io.c
112 silly gunzTarPerm modified mode [ 'src/io.c', 420, 438 ]
113 silly gunzTarPerm extractEntry src/io.h
114 silly gunzTarPerm modified mode [ 'src/io.h', 420, 438 ]
115 silly gunzTarPerm extractEntry src/keycode.c
116 silly gunzTarPerm modified mode [ 'src/keycode.c', 420, 438 ]
117 silly gunzTarPerm extractEntry src/keycode.h
118 silly gunzTarPerm modified mode [ 'src/keycode.h', 420, 438 ]
119 silly gunzTarPerm extractEntry src/keypress.c
120 silly gunzTarPerm modified mode [ 'src/keypress.c', 420, 438 ]
121 silly gunzTarPerm extractEntry src/keypress.h
122 silly gunzTarPerm modified mode [ 'src/keypress.h', 420, 438 ]
123 silly gunzTarPerm extractEntry src/MMBitmap.h
124 silly gunzTarPerm modified mode [ 'src/MMBitmap.h', 420, 438 ]
125 silly gunzTarPerm extractEntry src/mouse.c
126 silly gunzTarPerm modified mode [ 'src/mouse.c', 420, 438 ]
127 silly gunzTarPerm extractEntry src/mouse.h
128 silly gunzTarPerm modified mode [ 'src/mouse.h', 420, 438 ]
129 silly gunzTarPerm extractEntry src/ms_stdbool.h
130 silly gunzTarPerm modified mode [ 'src/ms_stdbool.h', 420, 438 ]
131 silly gunzTarPerm extractEntry src/ms_stdint.h
132 silly gunzTarPerm modified mode [ 'src/ms_stdint.h', 420, 438 ]
133 silly gunzTarPerm extractEntry src/os.h
134 silly gunzTarPerm modified mode [ 'src/os.h', 420, 438 ]
135 silly gunzTarPerm extractEntry src/pasteboard.c
136 silly gunzTarPerm modified mode [ 'src/pasteboard.c', 420, 438 ]
137 silly gunzTarPerm extractEntry src/pasteboard.h
138 silly gunzTarPerm modified mode [ 'src/pasteboard.h', 420, 438 ]
139 silly gunzTarPerm extractEntry src/png_io.c
140 silly gunzTarPerm modified mode [ 'src/png_io.c', 420, 438 ]
141 silly gunzTarPerm extractEntry src/png_io.h
142 silly gunzTarPerm modified mode [ 'src/png_io.h', 420, 438 ]
143 silly gunzTarPerm extractEntry src/rgb.h
144 silly gunzTarPerm modified mode [ 'src/rgb.h', 420, 438 ]
145 silly gunzTarPerm extractEntry src/robotjs.cc
146 silly gunzTarPerm modified mode [ 'src/robotjs.cc', 420, 438 ]
147 silly gunzTarPerm extractEntry src/screen.c
148 silly gunzTarPerm modified mode [ 'src/screen.c', 420, 438 ]
149 silly gunzTarPerm extractEntry src/screen.h
150 silly gunzTarPerm modified mode [ 'src/screen.h', 420, 438 ]
151 silly gunzTarPerm extractEntry src/screengrab.c
152 silly gunzTarPerm modified mode [ 'src/screengrab.c', 420, 438 ]
153 silly gunzTarPerm extractEntry src/screengrab.h
154 silly gunzTarPerm modified mode [ 'src/screengrab.h', 420, 438 ]
155 silly gunzTarPerm extractEntry src/snprintf.c
156 silly gunzTarPerm modified mode [ 'src/snprintf.c', 420, 438 ]
157 silly gunzTarPerm extractEntry src/snprintf.h
158 silly gunzTarPerm modified mode [ 'src/snprintf.h', 420, 438 ]
159 silly gunzTarPerm extractEntry src/str_io.c
160 silly gunzTarPerm modified mode [ 'src/str_io.c', 420, 438 ]
161 silly gunzTarPerm extractEntry src/str_io.h
162 silly gunzTarPerm modified mode [ 'src/str_io.h', 420, 438 ]
163 silly gunzTarPerm extractEntry src/types.h
164 silly gunzTarPerm modified mode [ 'src/types.h', 420, 438 ]
165 silly gunzTarPerm extractEntry src/uthash.h
166 silly gunzTarPerm modified mode [ 'src/uthash.h', 420, 438 ]
167 silly gunzTarPerm extractEntry src/xdisplay.c
168 silly gunzTarPerm modified mode [ 'src/xdisplay.c', 420, 438 ]
169 silly gunzTarPerm extractEntry src/xdisplay.h
170 silly gunzTarPerm modified mode [ 'src/xdisplay.h', 420, 438 ]
171 silly gunzTarPerm extractEntry src/zlib_util.c
172 silly gunzTarPerm modified mode [ 'src/zlib_util.c', 420, 438 ]
173 silly gunzTarPerm extractEntry src/zlib_util.h
174 silly gunzTarPerm modified mode [ 'src/zlib_util.h', 420, 438 ]
175 silly gunzTarPerm extractEntry test/all.js
176 silly gunzTarPerm modified mode [ 'test/all.js', 420, 438 ]
177 silly gunzTarPerm extractEntry test/mouse.js
178 silly gunzTarPerm modified mode [ 'test/mouse.js', 420, 438 ]
179 silly gunzTarPerm extractEntry test/screen.js
180 silly gunzTarPerm modified mode [ 'test/screen.js', 436, 438 ]
181 verbose write writing to C:\dev\sites\lanastasov.github.io\node_modules\robotjs\package.json
182 info preinstall robotjs@0.2.2
183 verbose readDependencies loading dependencies from C:\dev\sites\lanastasov.github.io\node_modules\robotjs\package.json
184 silly prepareForInstallMany adding nan@^1.3.0 from robotjs dependencies
185 verbose readDependencies loading dependencies from C:\dev\sites\lanastasov.github.io\node_modules\robotjs\package.json
186 silly cache add args [ 'nan@^1.3.0', null ]
187 verbose cache add spec nan@^1.3.0
188 silly cache add parsed spec { raw: 'nan@^1.3.0',
188 silly cache add   scope: null,
188 silly cache add   name: 'nan',
188 silly cache add   rawSpec: '^1.3.0',
188 silly cache add   spec: '>=1.3.0 <2.0.0',
188 silly cache add   type: 'range' }
189 silly addNamed nan@>=1.3.0 <2.0.0
190 verbose addNamed ">=1.3.0 <2.0.0" is a valid semver range for nan
191 silly addNameRange { name: 'nan', range: '>=1.3.0 <2.0.0', hasData: false }
192 silly mapToRegistry name nan
193 silly mapToRegistry using default registry
194 silly mapToRegistry registry https://registry.npmjs.org/
195 silly mapToRegistry uri https://registry.npmjs.org/nan
196 verbose addNameRange registry:https://registry.npmjs.org/nan not in flight; fetching
197 verbose request uri https://registry.npmjs.org/nan
198 verbose request no auth needed
199 info attempt registry request try #1 at 5:53:20 AM
200 verbose etag "9T2TEINHQE1CYR42PWQNCEY3X"
201 http request GET https://registry.npmjs.org/nan
202 http 200 https://registry.npmjs.org/nan
203 silly get cb [ 200,
203 silly get   { server: 'CouchDB/1.5.0 (Erlang OTP/R16B03)',
203 silly get     etag: '"7ZNJE7CSHKCXQDJXAXFJDO4DJ"',
203 silly get     'content-type': 'application/json',
203 silly get     'cache-control': 'max-age=60',
203 silly get     'content-length': '82031',
203 silly get     'accept-ranges': 'bytes',
203 silly get     date: 'Tue, 04 Aug 2015 02:53:20 GMT',
203 silly get     via: '1.1 varnish',
203 silly get     age: '0',
203 silly get     connection: 'keep-alive',
203 silly get     'x-served-by': 'cache-fra1228-FRA',
203 silly get     'x-cache': 'HIT',
203 silly get     'x-cache-hits': '1',
203 silly get     'x-timer': 'S1438656800.138502,VS0,VE724',
203 silly get     vary: 'Accept' } ]
204 verbose get saving nan to C:\Users\lanastasov\AppData\Roaming\npm-cache\registry.npmjs.org\nan\.cache.json
205 silly addNameRange number 2 { name: 'nan', range: '>=1.3.0 <2.0.0', hasData: true }
206 silly addNameRange versions [ 'nan',
206 silly addNameRange   [ '0.3.0-wip',
206 silly addNameRange     '0.3.0-wip2',
206 silly addNameRange     '0.3.0',
206 silly addNameRange     '0.3.1',
206 silly addNameRange     '0.3.2',
206 silly addNameRange     '0.4.0',
206 silly addNameRange     '0.4.1',
206 silly addNameRange     '0.4.2',
206 silly addNameRange     '0.4.3',
206 silly addNameRange     '0.4.4',
206 silly addNameRange     '0.5.0',
206 silly addNameRange     '0.5.1',
206 silly addNameRange     '0.5.2',
206 silly addNameRange     '0.6.0',
206 silly addNameRange     '0.7.0',
206 silly addNameRange     '0.7.1',
206 silly addNameRange     '0.8.0',
206 silly addNameRange     '1.0.0',
206 silly addNameRange     '1.1.0',
206 silly addNameRange     '1.1.1',
206 silly addNameRange     '1.1.2',
206 silly addNameRange     '1.2.0',
206 silly addNameRange     '1.3.0',
206 silly addNameRange     '1.4.0',
206 silly addNameRange     '1.4.1',
206 silly addNameRange     '1.5.0',
206 silly addNameRange     '1.4.2',
206 silly addNameRange     '1.4.3',
206 silly addNameRange     '1.5.1',
206 silly addNameRange     '1.5.2',
206 silly addNameRange     '1.6.0',
206 silly addNameRange     '1.5.3',
206 silly addNameRange     '1.6.1',
206 silly addNameRange     '1.6.2',
206 silly addNameRange     '1.7.0',
206 silly addNameRange     '1.8.0',
206 silly addNameRange     '1.8.1',
206 silly addNameRange     '1.8.2',
206 silly addNameRange     '1.8.3',
206 silly addNameRange     '1.8.4',
206 silly addNameRange     '1.9.0',
206 silly addNameRange     '2.0.0' ] ]
207 silly addNamed nan@1.9.0
208 verbose addNamed "1.9.0" is a plain semver version for nan
209 silly mapToRegistry name nan
210 silly mapToRegistry using default registry
211 silly mapToRegistry registry https://registry.npmjs.org/
212 silly mapToRegistry uri https://registry.npmjs.org/nan
213 verbose addRemoteTarball https://registry.npmjs.org/nan/-/nan-1.9.0.tgz not in flight; adding
214 verbose addRemoteTarball [ 'https://registry.npmjs.org/nan/-/nan-1.9.0.tgz',
214 verbose addRemoteTarball   '1a9cd2755609766f5c291e4194fce39fde286515' ]
215 info retry fetch attempt 1 at 5:53:21 AM
216 info attempt registry request try #1 at 5:53:21 AM
217 http fetch GET https://registry.npmjs.org/nan/-/nan-1.9.0.tgz
218 http fetch 200 https://registry.npmjs.org/nan/-/nan-1.9.0.tgz
219 silly fetchAndShaCheck shasum 1a9cd2755609766f5c291e4194fce39fde286515
220 verbose addTmpTarball C:\Users\LANAST~1\AppData\Local\Temp\npm-4276-d83f2c93\registry.npmjs.org\nan\-\nan-1.9.0.tgz not in flight; adding
221 verbose addTmpTarball already have metadata; skipping unpack for nan@1.9.0
222 silly cache afterAdd nan@1.9.0
223 verbose afterAdd C:\Users\lanastasov\AppData\Roaming\npm-cache\nan\1.9.0\package\package.json not in flight; writing
224 verbose afterAdd C:\Users\lanastasov\AppData\Roaming\npm-cache\nan\1.9.0\package\package.json written
225 silly install resolved [ { name: 'nan',
225 silly install resolved     version: '1.9.0',
225 silly install resolved     description: 'Native Abstractions for Node.js: C++ header for Node 0.8->0.12 compatibility',
225 silly install resolved     main: 'include_dirs.js',
225 silly install resolved     repository: { type: 'git', url: 'git://github.com/nodejs/nan.git' },
225 silly install resolved     scripts:
225 silly install resolved      { test: 'tap --gc test/js/*-test.js',
225 silly install resolved        'rebuild-tests': 'pangyp rebuild --msvs_version=2013 --directory test' },
225 silly install resolved     contributors:
225 silly install resolved      [ [Object],
225 silly install resolved        [Object],
225 silly install resolved        [Object],
225 silly install resolved        [Object],
225 silly install resolved        [Object],
225 silly install resolved        [Object],
225 silly install resolved        [Object] ],
225 silly install resolved     devDependencies:
225 silly install resolved      { bindings: '~1.2.1',
225 silly install resolved        'node-gyp': '~2.0.2',
225 silly install resolved        pangyp: '~2.2.0',
225 silly install resolved        tap: '~0.7.1',
225 silly install resolved        xtend: '~4.0.0' },
225 silly install resolved     license: 'MIT',
225 silly install resolved     gitHead: '399b3a54ada39a7cf7a11978ea727eae3686666e',
225 silly install resolved     bugs: { url: 'https://github.com/nodejs/nan/issues' },
225 silly install resolved     homepage: 'https://github.com/nodejs/nan#readme',
225 silly install resolved     _id: 'nan@1.9.0',
225 silly install resolved     _shasum: '1a9cd2755609766f5c291e4194fce39fde286515',
225 silly install resolved     _from: 'nan@>=1.3.0 <2.0.0',
225 silly install resolved     _npmVersion: '2.13.3',
225 silly install resolved     _nodeVersion: '0.12.2',
225 silly install resolved     _npmUser: { name: 'kkoopa', email: 'bbyholm@abo.fi' },
225 silly install resolved     maintainers: [ [Object], [Object] ],
225 silly install resolved     dist:
225 silly install resolved      { shasum: '1a9cd2755609766f5c291e4194fce39fde286515',
225 silly install resolved        tarball: 'http://registry.npmjs.org/nan/-/nan-1.9.0.tgz' },
225 silly install resolved     directories: {},
225 silly install resolved     _resolved: 'https://registry.npmjs.org/nan/-/nan-1.9.0.tgz' } ]
226 info install nan@1.9.0 into C:\dev\sites\lanastasov.github.io\node_modules\robotjs
227 info installOne nan@1.9.0
228 verbose installOne of nan to C:\dev\sites\lanastasov.github.io\node_modules\robotjs not in flight; installing
229 verbose lock using C:\Users\lanastasov\AppData\Roaming\npm-cache\_locks\nan-0e4d0730b8b9b699.lock for C:\dev\sites\lanastasov.github.io\node_modules\robotjs\node_modules\nan
230 silly install write writing nan 1.9.0 to C:\dev\sites\lanastasov.github.io\node_modules\robotjs\node_modules\nan
231 verbose unbuild node_modules\robotjs\node_modules\nan
232 silly gentlyRm C:\dev\sites\lanastasov.github.io\node_modules\robotjs\node_modules\nan is being purged from base C:\dev\sites\lanastasov.github.io
233 verbose gentlyRm don't care about contents; nuking C:\dev\sites\lanastasov.github.io\node_modules\robotjs\node_modules\nan
234 verbose tar unpack C:\Users\lanastasov\AppData\Roaming\npm-cache\nan\1.9.0\package.tgz
235 verbose tar unpacking to C:\dev\sites\lanastasov.github.io\node_modules\robotjs\node_modules\nan
236 silly gentlyRm C:\dev\sites\lanastasov.github.io\node_modules\robotjs\node_modules\nan is being purged
237 verbose gentlyRm don't care about contents; nuking C:\dev\sites\lanastasov.github.io\node_modules\robotjs\node_modules\nan
238 silly gunzTarPerm modes [ '777', '666' ]
239 silly gunzTarPerm extractEntry package.json
240 silly gunzTarPerm modified mode [ 'package.json', 436, 438 ]
241 silly gunzTarPerm extractEntry README.md
242 silly gunzTarPerm modified mode [ 'README.md', 436, 438 ]
243 silly gunzTarPerm extractEntry include_dirs.js
244 silly gunzTarPerm modified mode [ 'include_dirs.js', 436, 438 ]
245 silly gunzTarPerm extractEntry LICENSE.md
246 silly gunzTarPerm modified mode [ 'LICENSE.md', 436, 438 ]
247 silly gunzTarPerm extractEntry .dntrc
248 silly gunzTarPerm modified mode [ '.dntrc', 436, 438 ]
249 silly gunzTarPerm extractEntry appveyor.yml
250 silly gunzTarPerm modified mode [ 'appveyor.yml', 436, 438 ]
251 silly gunzTarPerm extractEntry nan.h
252 silly gunzTarPerm modified mode [ 'nan.h', 436, 438 ]
253 silly gunzTarPerm extractEntry nan_implementation_12_inl.h
254 silly gunzTarPerm modified mode [ 'nan_implementation_12_inl.h', 436, 438 ]
255 silly gunzTarPerm extractEntry nan_implementation_pre_12_inl.h
256 silly gunzTarPerm modified mode [ 'nan_implementation_pre_12_inl.h', 436, 438 ]
257 silly gunzTarPerm extractEntry nan_new.h
258 silly gunzTarPerm modified mode [ 'nan_new.h', 436, 438 ]
259 silly gunzTarPerm extractEntry nan_string_bytes.h
260 silly gunzTarPerm modified mode [ 'nan_string_bytes.h', 436, 438 ]
261 silly gunzTarPerm extractEntry CHANGELOG.md
262 silly gunzTarPerm modified mode [ 'CHANGELOG.md', 436, 438 ]
263 silly gunzTarPerm extractEntry tools/node_modules/commander/package.json
264 silly gunzTarPerm modified mode [ 'tools/node_modules/commander/package.json', 436, 438 ]
265 silly gunzTarPerm extractEntry tools/node_modules/commander/LICENSE
266 silly gunzTarPerm modified mode [ 'tools/node_modules/commander/LICENSE', 436, 438 ]
267 silly gunzTarPerm extractEntry tools/node_modules/commander/index.js
268 silly gunzTarPerm modified mode [ 'tools/node_modules/commander/index.js', 436, 438 ]
269 silly gunzTarPerm extractEntry tools/node_modules/commander/History.md
270 silly gunzTarPerm modified mode [ 'tools/node_modules/commander/History.md', 436, 438 ]
271 silly gunzTarPerm extractEntry tools/node_modules/commander/Readme.md
272 silly gunzTarPerm modified mode [ 'tools/node_modules/commander/Readme.md', 436, 438 ]
273 silly gunzTarPerm extractEntry tools/node_modules/commander/node_modules/graceful-readlink/package.json
274 silly gunzTarPerm modified mode [ 'tools/node_modules/commander/node_modules/graceful-readlink/package.json',
274 silly gunzTarPerm   436,
274 silly gunzTarPerm   438 ]
275 silly gunzTarPerm extractEntry tools/node_modules/commander/node_modules/graceful-readlink/.npmignore
276 silly gunzTarPerm modified mode [ 'tools/node_modules/commander/node_modules/graceful-readlink/.npmignore',
276 silly gunzTarPerm   436,
276 silly gunzTarPerm   438 ]
277 silly gunzTarPerm extractEntry tools/node_modules/commander/node_modules/graceful-readlink/README.md
278 silly gunzTarPerm modified mode [ 'tools/node_modules/commander/node_modules/graceful-readlink/README.md',
278 silly gunzTarPerm   436,
278 silly gunzTarPerm   438 ]
279 silly gunzTarPerm extractEntry tools/node_modules/commander/node_modules/graceful-readlink/LICENSE
280 silly gunzTarPerm modified mode [ 'tools/node_modules/commander/node_modules/graceful-readlink/LICENSE',
280 silly gunzTarPerm   436,
280 silly gunzTarPerm   438 ]
281 silly gunzTarPerm extractEntry tools/node_modules/commander/node_modules/graceful-readlink/index.js
282 silly gunzTarPerm modified mode [ 'tools/node_modules/commander/node_modules/graceful-readlink/index.js',
282 silly gunzTarPerm   436,
282 silly gunzTarPerm   438 ]
283 silly gunzTarPerm extractEntry tools/node_modules/commander/node_modules/graceful-readlink/.travis.yml
284 silly gunzTarPerm modified mode [ 'tools/node_modules/commander/node_modules/graceful-readlink/.travis.yml',
284 silly gunzTarPerm   436,
284 silly gunzTarPerm   438 ]
285 silly gunzTarPerm extractEntry tools/node_modules/glob/package.json
286 silly gunzTarPerm modified mode [ 'tools/node_modules/glob/package.json', 436, 438 ]
287 silly gunzTarPerm extractEntry tools/node_modules/glob/README.md
288 silly gunzTarPerm modified mode [ 'tools/node_modules/glob/README.md', 436, 438 ]
289 silly gunzTarPerm extractEntry tools/node_modules/glob/LICENSE
290 silly gunzTarPerm modified mode [ 'tools/node_modules/glob/LICENSE', 436, 438 ]
291 silly gunzTarPerm extractEntry tools/node_modules/glob/common.js
292 silly gunzTarPerm modified mode [ 'tools/node_modules/glob/common.js', 436, 438 ]
293 silly gunzTarPerm extractEntry tools/node_modules/glob/glob.js
294 silly gunzTarPerm modified mode [ 'tools/node_modules/glob/glob.js', 436, 438 ]
295 silly gunzTarPerm extractEntry tools/node_modules/glob/sync.js
296 silly gunzTarPerm modified mode [ 'tools/node_modules/glob/sync.js', 436, 438 ]
297 silly gunzTarPerm extractEntry tools/node_modules/glob/node_modules/inflight/package.json
298 silly gunzTarPerm modified mode [ 'tools/node_modules/glob/node_modules/inflight/package.json',
298 silly gunzTarPerm   436,
298 silly gunzTarPerm   438 ]
299 silly gunzTarPerm extractEntry tools/node_modules/glob/node_modules/inflight/README.md
300 silly gunzTarPerm modified mode [ 'tools/node_modules/glob/node_modules/inflight/README.md',
300 silly gunzTarPerm   436,
300 silly gunzTarPerm   438 ]
301 silly gunzTarPerm extractEntry tools/node_modules/glob/node_modules/inflight/LICENSE
302 silly gunzTarPerm modified mode [ 'tools/node_modules/glob/node_modules/inflight/LICENSE',
302 silly gunzTarPerm   436,
302 silly gunzTarPerm   438 ]
303 silly gunzTarPerm extractEntry tools/node_modules/glob/node_modules/inflight/inflight.js
304 silly gunzTarPerm modified mode [ 'tools/node_modules/glob/node_modules/inflight/inflight.js',
304 silly gunzTarPerm   436,
304 silly gunzTarPerm   438 ]
305 silly gunzTarPerm extractEntry tools/node_modules/glob/node_modules/inflight/test.js
306 silly gunzTarPerm modified mode [ 'tools/node_modules/glob/node_modules/inflight/test.js',
306 silly gunzTarPerm   436,
306 silly gunzTarPerm   438 ]
307 silly gunzTarPerm extractEntry tools/node_modules/glob/node_modules/inflight/.eslintrc
308 silly gunzTarPerm modified mode [ 'tools/node_modules/glob/node_modules/inflight/.eslintrc',
308 silly gunzTarPerm   436,
308 silly gunzTarPerm   438 ]
309 silly gunzTarPerm extractEntry tools/node_modules/glob/node_modules/inflight/node_modules/wrappy/package.json
310 silly gunzTarPerm modified mode [ 'tools/node_modules/glob/node_modules/inflight/node_modules/wrappy/package.json',
310 silly gunzTarPerm   436,
310 silly gunzTarPerm   438 ]
311 silly gunzTarPerm extractEntry tools/node_modules/glob/node_modules/inflight/node_modules/wrappy/README.md
312 silly gunzTarPerm modified mode [ 'tools/node_modules/glob/node_modules/inflight/node_modules/wrappy/README.md',
312 silly gunzTarPerm   436,
312 silly gunzTarPerm   438 ]
313 silly gunzTarPerm extractEntry tools/node_modules/glob/node_modules/inflight/node_modules/wrappy/LICENSE
314 silly gunzTarPerm modified mode [ 'tools/node_modules/glob/node_modules/inflight/node_modules/wrappy/LICENSE',
314 silly gunzTarPerm   436,
314 silly gunzTarPerm   438 ]
315 silly gunzTarPerm extractEntry tools/node_modules/glob/node_modules/inflight/node_modules/wrappy/wrappy.js
316 silly gunzTarPerm modified mode [ 'tools/node_modules/glob/node_modules/inflight/node_modules/wrappy/wrappy.js',
316 silly gunzTarPerm   436,
316 silly gunzTarPerm   438 ]
317 silly gunzTarPerm extractEntry tools/node_modules/glob/node_modules/inflight/node_modules/wrappy/test/basic.js
318 silly gunzTarPerm modified mode [ 'tools/node_modules/glob/node_modules/inflight/node_modules/wrappy/test/basic.js',
318 silly gunzTarPerm   436,
318 silly gunzTarPerm   438 ]
319 silly gunzTarPerm extractEntry tools/node_modules/glob/node_modules/inherits/package.json
320 silly gunzTarPerm modified mode [ 'tools/node_modules/glob/node_modules/inherits/package.json',
320 silly gunzTarPerm   436,
320 silly gunzTarPerm   438 ]
321 silly gunzTarPerm extractEntry tools/node_modules/glob/node_modules/inherits/README.md
322 silly gunzTarPerm modified mode [ 'tools/node_modules/glob/node_modules/inherits/README.md',
322 silly gunzTarPerm   436,
322 silly gunzTarPerm   438 ]
323 silly gunzTarPerm extractEntry tools/node_modules/glob/node_modules/inherits/LICENSE
324 silly gunzTarPerm modified mode [ 'tools/node_modules/glob/node_modules/inherits/LICENSE',
324 silly gunzTarPerm   436,
324 silly gunzTarPerm   438 ]
325 silly gunzTarPerm extractEntry tools/node_modules/glob/node_modules/inherits/inherits.js
326 silly gunzTarPerm modified mode [ 'tools/node_modules/glob/node_modules/inherits/inherits.js',
326 silly gunzTarPerm   436,
326 silly gunzTarPerm   438 ]
327 silly gunzTarPerm extractEntry tools/node_modules/glob/node_modules/inherits/inherits_browser.js
328 silly gunzTarPerm modified mode [ 'tools/node_modules/glob/node_modules/inherits/inherits_browser.js',
328 silly gunzTarPerm   436,
328 silly gunzTarPerm   438 ]
329 silly gunzTarPerm extractEntry tools/node_modules/glob/node_modules/inherits/test.js
330 silly gunzTarPerm modified mode [ 'tools/node_modules/glob/node_modules/inherits/test.js',
330 silly gunzTarPerm   436,
330 silly gunzTarPerm   438 ]
331 silly gunzTarPerm extractEntry tools/node_modules/glob/node_modules/minimatch/package.json
332 silly gunzTarPerm modified mode [ 'tools/node_modules/glob/node_modules/minimatch/package.json',
332 silly gunzTarPerm   436,
332 silly gunzTarPerm   438 ]
333 silly gunzTarPerm extractEntry tools/node_modules/glob/node_modules/minimatch/README.md
334 silly gunzTarPerm modified mode [ 'tools/node_modules/glob/node_modules/minimatch/README.md',
334 silly gunzTarPerm   436,
334 silly gunzTarPerm   438 ]
335 silly gunzTarPerm extractEntry tools/node_modules/glob/node_modules/minimatch/LICENSE
336 silly gunzTarPerm modified mode [ 'tools/node_modules/glob/node_modules/minimatch/LICENSE',
336 silly gunzTarPerm   436,
336 silly gunzTarPerm   438 ]
337 silly gunzTarPerm extractEntry tools/node_modules/glob/node_modules/minimatch/browser.js
338 silly gunzTarPerm modified mode [ 'tools/node_modules/glob/node_modules/minimatch/browser.js',
338 silly gunzTarPerm   436,
338 silly gunzTarPerm   438 ]
339 silly gunzTarPerm extractEntry tools/node_modules/glob/node_modules/minimatch/minimatch.js
340 silly gunzTarPerm modified mode [ 'tools/node_modules/glob/node_modules/minimatch/minimatch.js',
340 silly gunzTarPerm   436,
340 silly gunzTarPerm   438 ]
341 silly gunzTarPerm extractEntry tools/node_modules/glob/node_modules/minimatch/node_modules/brace-expansion/package.json
342 silly gunzTarPerm modified mode [ 'tools/node_modules/glob/node_modules/minimatch/node_modules/brace-expansion/package.json',
342 silly gunzTarPerm   436,
342 silly gunzTarPerm   438 ]
343 silly gunzTarPerm extractEntry tools/node_modules/glob/node_modules/minimatch/node_modules/brace-expansion/.npmignore
344 silly gunzTarPerm modified mode [ 'tools/node_modules/glob/node_modules/minimatch/node_modules/brace-expansion/.npmignore',
344 silly gunzTarPerm   436,
344 silly gunzTarPerm   438 ]
345 silly gunzTarPerm extractEntry tools/node_modules/glob/node_modules/minimatch/node_modules/brace-expansion/README.md
346 silly gunzTarPerm modified mode [ 'tools/node_modules/glob/node_modules/minimatch/node_modules/brace-expansion/README.md',
346 silly gunzTarPerm   436,
346 silly gunzTarPerm   438 ]
347 silly gunzTarPerm extractEntry tools/node_modules/glob/node_modules/minimatch/node_modules/brace-expansion/example.js
348 silly gunzTarPerm modified mode [ 'tools/node_modules/glob/node_modules/minimatch/node_modules/brace-expansion/example.js',
348 silly gunzTarPerm   436,
348 silly gunzTarPerm   438 ]
349 silly gunzTarPerm extractEntry tools/node_modules/glob/node_modules/minimatch/node_modules/brace-expansion/index.js
350 silly gunzTarPerm modified mode [ 'tools/node_modules/glob/node_modules/minimatch/node_modules/brace-expansion/index.js',
350 silly gunzTarPerm   436,
350 silly gunzTarPerm   438 ]
351 silly gunzTarPerm extractEntry tools/node_modules/glob/node_modules/minimatch/node_modules/brace-expansion/.travis.yml
352 silly gunzTarPerm modified mode [ 'tools/node_modules/glob/node_modules/minimatch/node_modules/brace-expansion/.travis.yml',
352 silly gunzTarPerm   436,
352 silly gunzTarPerm   438 ]
353 silly gunzTarPerm extractEntry tools/node_modules/glob/node_modules/minimatch/node_modules/brace-expansion/test/bash-comparison.js
354 silly gunzTarPerm modified mode [ 'tools/node_modules/glob/node_modules/minimatch/node_modules/brace-expansion/test/bash-comparison.js',
354 silly gunzTarPerm   436,
354 silly gunzTarPerm   438 ]
355 silly gunzTarPerm extractEntry tools/node_modules/glob/node_modules/minimatch/node_modules/brace-expansion/test/same-type.js
356 silly gunzTarPerm modified mode [ 'tools/node_modules/glob/node_modules/minimatch/node_modules/brace-expansion/test/same-type.js',
356 silly gunzTarPerm   436,
356 silly gunzTarPerm   438 ]
357 silly gunzTarPerm extractEntry tools/node_modules/glob/node_modules/minimatch/node_modules/brace-expansion/test/dollar.js
358 silly gunzTarPerm modified mode [ 'tools/node_modules/glob/node_modules/minimatch/node_modules/brace-expansion/test/dollar.js',
358 silly gunzTarPerm   436,
358 silly gunzTarPerm   438 ]
359 silly gunzTarPerm extractEntry tools/node_modules/glob/node_modules/minimatch/node_modules/brace-expansion/test/empty-option.js
360 silly gunzTarPerm modified mode [ 'tools/node_modules/glob/node_modules/minimatch/node_modules/brace-expansion/test/empty-option.js',
360 silly gunzTarPerm   436,
360 silly gunzTarPerm   438 ]
361 silly gunzTarPerm extractEntry tools/node_modules/glob/node_modules/minimatch/node_modules/brace-expansion/test/pad.js
362 silly gunzTarPerm modified mode [ 'tools/node_modules/glob/node_modules/minimatch/node_modules/brace-expansion/test/pad.js',
362 silly gunzTarPerm   436,
362 silly gunzTarPerm   438 ]
363 silly gunzTarPerm extractEntry tools/node_modules/glob/node_modules/minimatch/node_modules/brace-expansion/test/order.js
364 silly gunzTarPerm modified mode [ 'tools/node_modules/glob/node_modules/minimatch/node_modules/brace-expansion/test/order.js',
364 silly gunzTarPerm   436,
364 silly gunzTarPerm   438 ]
365 silly gunzTarPerm extractEntry tools/node_modules/glob/node_modules/minimatch/node_modules/brace-expansion/test/nested.js
366 silly gunzTarPerm modified mode [ 'tools/node_modules/glob/node_modules/minimatch/node_modules/brace-expansion/test/nested.js',
366 silly gunzTarPerm   436,
366 silly gunzTarPerm   438 ]
367 silly gunzTarPerm extractEntry tools/node_modules/glob/node_modules/minimatch/node_modules/brace-expansion/test/sequence.js
368 silly gunzTarPerm modified mode [ 'tools/node_modules/glob/node_modules/minimatch/node_modules/brace-expansion/test/sequence.js',
368 silly gunzTarPerm   436,
368 silly gunzTarPerm   438 ]
369 silly gunzTarPerm extractEntry tools/node_modules/glob/node_modules/minimatch/node_modules/brace-expansion/test/negative-increment.js
370 silly gunzTarPerm modified mode [ 'tools/node_modules/glob/node_modules/minimatch/node_modules/brace-expansion/test/negative-increment.js',
370 silly gunzTarPerm   436,
370 silly gunzTarPerm   438 ]
371 silly gunzTarPerm extractEntry tools/node_modules/glob/node_modules/minimatch/node_modules/brace-expansion/test/bash-results.txt
372 silly gunzTarPerm modified mode [ 'tools/node_modules/glob/node_modules/minimatch/node_modules/brace-expansion/test/bash-results.txt',
372 silly gunzTarPerm   436,
372 silly gunzTarPerm   438 ]
373 silly gunzTarPerm extractEntry tools/node_modules/glob/node_modules/minimatch/node_modules/brace-expansion/test/generate.sh
374 silly gunzTarPerm modified mode [ 'tools/node_modules/glob/node_modules/minimatch/node_modules/brace-expansion/test/generate.sh',
374 silly gunzTarPerm   436,
374 silly gunzTarPerm   438 ]
375 silly gunzTarPerm extractEntry tools/node_modules/glob/node_modules/minimatch/node_modules/brace-expansion/test/cases.txt
376 silly gunzTarPerm modified mode [ 'tools/node_modules/glob/node_modules/minimatch/node_modules/brace-expansion/test/cases.txt',
376 silly gunzTarPerm   436,
376 silly gunzTarPerm   438 ]
377 silly gunzTarPerm extractEntry tools/node_modules/glob/node_modules/minimatch/node_modules/brace-expansion/node_modules/balanced-match/package.json
378 silly gunzTarPerm modified mode [ 'tools/node_modules/glob/node_modules/minimatch/node_modules/brace-expansion/node_modules/balanced-match/package.json',
378 silly gunzTarPerm   436,
378 silly gunzTarPerm   438 ]
379 silly gunzTarPerm extractEntry tools/node_modules/glob/node_modules/minimatch/node_modules/brace-expansion/node_modules/balanced-match/.npmignore
380 silly gunzTarPerm modified mode [ 'tools/node_modules/glob/node_modules/minimatch/node_modules/brace-expansion/node_modules/balanced-match/.npmignore',
380 silly gunzTarPerm   436,
380 silly gunzTarPerm   438 ]
381 silly gunzTarPerm extractEntry tools/node_modules/glob/node_modules/minimatch/node_modules/brace-expansion/node_modules/balanced-match/README.md
382 silly gunzTarPerm modified mode [ 'tools/node_modules/glob/node_modules/minimatch/node_modules/brace-expansion/node_modules/balanced-match/README.md',
382 silly gunzTarPerm   436,
382 silly gunzTarPerm   438 ]
383 silly gunzTarPerm extractEntry tools/node_modules/glob/node_modules/minimatch/node_modules/brace-expansion/node_modules/balanced-match/example.js
384 silly gunzTarPerm modified mode [ 'tools/node_modules/glob/node_modules/minimatch/node_modules/brace-expansion/node_modules/balanced-match/example.js',
384 silly gunzTarPerm   436,
384 silly gunzTarPerm   438 ]
385 silly gunzTarPerm extractEntry tools/node_modules/glob/node_modules/minimatch/node_modules/brace-expansion/node_modules/balanced-match/index.js
386 silly gunzTarPerm modified mode [ 'tools/node_modules/glob/node_modules/minimatch/node_modules/brace-expansion/node_modules/balanced-match/index.js',
386 silly gunzTarPerm   436,
386 silly gunzTarPerm   438 ]
387 silly gunzTarPerm extractEntry tools/node_modules/glob/node_modules/minimatch/node_modules/brace-expansion/node_modules/balanced-match/.travis.yml
388 silly gunzTarPerm modified mode [ 'tools/node_modules/glob/node_modules/minimatch/node_modules/brace-expansion/node_modules/balanced-match/.travis.yml',
388 silly gunzTarPerm   436,
388 silly gunzTarPerm   438 ]
389 silly gunzTarPerm extractEntry tools/node_modules/glob/node_modules/minimatch/node_modules/brace-expansion/node_modules/balanced-match/Makefile
390 silly gunzTarPerm modified mode [ 'tools/node_modules/glob/node_modules/minimatch/node_modules/brace-expansion/node_modules/balanced-match/Makefile',
390 silly gunzTarPerm   436,
390 silly gunzTarPerm   438 ]
391 silly gunzTarPerm extractEntry tools/node_modules/glob/node_modules/minimatch/node_modules/brace-expansion/node_modules/balanced-match/test/balanced.js
392 silly gunzTarPerm modified mode [ 'tools/node_modules/glob/node_modules/minimatch/node_modules/brace-expansion/node_modules/balanced-match/test/balanced.js',
392 silly gunzTarPerm   436,
392 silly gunzTarPerm   438 ]
393 silly gunzTarPerm extractEntry tools/node_modules/glob/node_modules/minimatch/node_modules/brace-expansion/node_modules/concat-map/package.json
394 silly gunzTarPerm modified mode [ 'tools/node_modules/glob/node_modules/minimatch/node_modules/brace-expansion/node_modules/concat-map/package.json',
394 silly gunzTarPerm   436,
394 silly gunzTarPerm   438 ]
395 silly gunzTarPerm extractEntry tools/node_modules/glob/node_modules/minimatch/node_modules/brace-expansion/node_modules/concat-map/LICENSE
396 silly gunzTarPerm modified mode [ 'tools/node_modules/glob/node_modules/minimatch/node_modules/brace-expansion/node_modules/concat-map/LICENSE',
396 silly gunzTarPerm   436,
396 silly gunzTarPerm   438 ]
397 silly gunzTarPerm extractEntry tools/node_modules/glob/node_modules/minimatch/node_modules/brace-expansion/node_modules/concat-map/index.js
398 silly gunzTarPerm modified mode [ 'tools/node_modules/glob/node_modules/minimatch/node_modules/brace-expansion/node_modules/concat-map/index.js',
398 silly gunzTarPerm   436,
398 silly gunzTarPerm   438 ]
399 silly gunzTarPerm extractEntry tools/node_modules/glob/node_modules/minimatch/node_modules/brace-expansion/node_modules/concat-map/.travis.yml
400 silly gunzTarPerm modified mode [ 'tools/node_modules/glob/node_modules/minimatch/node_modules/brace-expansion/node_modules/concat-map/.travis.yml',
400 silly gunzTarPerm   436,
400 silly gunzTarPerm   438 ]
401 silly gunzTarPerm extractEntry tools/node_modules/glob/node_modules/minimatch/node_modules/brace-expansion/node_modules/concat-map/README.markdown
402 silly gunzTarPerm modified mode [ 'tools/node_modules/glob/node_modules/minimatch/node_modules/brace-expansion/node_modules/concat-map/README.markdown',
402 silly gunzTarPerm   436,
402 silly gunzTarPerm   438 ]
403 silly gunzTarPerm extractEntry tools/node_modules/glob/node_modules/minimatch/node_modules/brace-expansion/node_modules/concat-map/example/map.js
404 silly gunzTarPerm modified mode [ 'tools/node_modules/glob/node_modules/minimatch/node_modules/brace-expansion/node_modules/concat-map/example/map.js',
404 silly gunzTarPerm   436,
404 silly gunzTarPerm   438 ]
405 silly gunzTarPerm extractEntry tools/node_modules/glob/node_modules/minimatch/node_modules/brace-expansion/node_modules/concat-map/test/map.js
406 silly gunzTarPerm modified mode [ 'tools/node_modules/glob/node_modules/minimatch/node_modules/brace-expansion/node_modules/concat-map/test/map.js',
406 silly gunzTarPerm   436,
406 silly gunzTarPerm   438 ]
407 silly gunzTarPerm extractEntry tools/node_modules/glob/node_modules/once/package.json
408 silly gunzTarPerm modified mode [ 'tools/node_modules/glob/node_modules/once/package.json',
408 silly gunzTarPerm   436,
408 silly gunzTarPerm   438 ]
409 silly gunzTarPerm extractEntry tools/node_modules/glob/node_modules/once/README.md
410 silly gunzTarPerm modified mode [ 'tools/node_modules/glob/node_modules/once/README.md',
410 silly gunzTarPerm   436,
410 silly gunzTarPerm   438 ]
411 silly gunzTarPerm extractEntry tools/node_modules/glob/node_modules/once/LICENSE
412 silly gunzTarPerm modified mode [ 'tools/node_modules/glob/node_modules/once/LICENSE', 436, 438 ]
413 silly gunzTarPerm extractEntry tools/node_modules/glob/node_modules/once/once.js
414 silly gunzTarPerm modified mode [ 'tools/node_modules/glob/node_modules/once/once.js', 436, 438 ]
415 silly gunzTarPerm extractEntry tools/node_modules/glob/node_modules/once/test/once.js
416 silly gunzTarPerm modified mode [ 'tools/node_modules/glob/node_modules/once/test/once.js',
416 silly gunzTarPerm   436,
416 silly gunzTarPerm   438 ]
417 silly gunzTarPerm extractEntry tools/node_modules/glob/node_modules/once/node_modules/wrappy/package.json
418 silly gunzTarPerm modified mode [ 'tools/node_modules/glob/node_modules/once/node_modules/wrappy/package.json',
418 silly gunzTarPerm   436,
418 silly gunzTarPerm   438 ]
419 silly gunzTarPerm extractEntry tools/node_modules/glob/node_modules/once/node_modules/wrappy/README.md
420 silly gunzTarPerm modified mode [ 'tools/node_modules/glob/node_modules/once/node_modules/wrappy/README.md',
420 silly gunzTarPerm   436,
420 silly gunzTarPerm   438 ]
421 silly gunzTarPerm extractEntry tools/node_modules/glob/node_modules/once/node_modules/wrappy/LICENSE
422 silly gunzTarPerm modified mode [ 'tools/node_modules/glob/node_modules/once/node_modules/wrappy/LICENSE',
422 silly gunzTarPerm   436,
422 silly gunzTarPerm   438 ]
423 silly gunzTarPerm extractEntry tools/node_modules/glob/node_modules/once/node_modules/wrappy/wrappy.js
424 silly gunzTarPerm modified mode [ 'tools/node_modules/glob/node_modules/once/node_modules/wrappy/wrappy.js',
424 silly gunzTarPerm   436,
424 silly gunzTarPerm   438 ]
425 silly gunzTarPerm extractEntry tools/node_modules/glob/node_modules/once/node_modules/wrappy/test/basic.js
426 silly gunzTarPerm modified mode [ 'tools/node_modules/glob/node_modules/once/node_modules/wrappy/test/basic.js',
426 silly gunzTarPerm   436,
426 silly gunzTarPerm   438 ]
427 silly gunzTarPerm extractEntry tools/node_modules/glob/node_modules/path-is-absolute/package.json
428 silly gunzTarPerm modified mode [ 'tools/node_modules/glob/node_modules/path-is-absolute/package.json',
428 silly gunzTarPerm   436,
428 silly gunzTarPerm   438 ]
429 silly gunzTarPerm extractEntry tools/node_modules/glob/node_modules/path-is-absolute/index.js
430 silly gunzTarPerm modified mode [ 'tools/node_modules/glob/node_modules/path-is-absolute/index.js',
430 silly gunzTarPerm   436,
430 silly gunzTarPerm   438 ]
431 silly gunzTarPerm extractEntry tools/node_modules/glob/node_modules/path-is-absolute/license
432 silly gunzTarPerm modified mode [ 'tools/node_modules/glob/node_modules/path-is-absolute/license',
432 silly gunzTarPerm   436,
432 silly gunzTarPerm   438 ]
433 silly gunzTarPerm extractEntry tools/node_modules/glob/node_modules/path-is-absolute/readme.md
434 silly gunzTarPerm modified mode [ 'tools/node_modules/glob/node_modules/path-is-absolute/readme.md',
434 silly gunzTarPerm   436,
434 silly gunzTarPerm   438 ]
435 verbose write writing to C:\dev\sites\lanastasov.github.io\node_modules\robotjs\node_modules\nan\package.json
436 info preinstall nan@1.9.0
437 verbose readDependencies loading dependencies from C:\dev\sites\lanastasov.github.io\node_modules\robotjs\node_modules\nan\package.json
438 verbose readDependencies loading dependencies from C:\dev\sites\lanastasov.github.io\node_modules\robotjs\node_modules\nan\package.json
439 silly install resolved []
440 verbose about to build C:\dev\sites\lanastasov.github.io\node_modules\robotjs\node_modules\nan
441 info build C:\dev\sites\lanastasov.github.io\node_modules\robotjs\node_modules\nan
442 info linkStuff nan@1.9.0
443 silly linkStuff nan@1.9.0 has C:\dev\sites\lanastasov.github.io\node_modules\robotjs\node_modules as its parent node_modules
444 verbose linkBins nan@1.9.0
445 verbose linkMans nan@1.9.0
446 verbose rebuildBundles nan@1.9.0
447 info install nan@1.9.0
448 info postinstall nan@1.9.0
449 verbose unlock done using C:\Users\lanastasov\AppData\Roaming\npm-cache\_locks\nan-0e4d0730b8b9b699.lock for C:\dev\sites\lanastasov.github.io\node_modules\robotjs\node_modules\nan
450 verbose about to build C:\dev\sites\lanastasov.github.io\node_modules\robotjs
451 info build C:\dev\sites\lanastasov.github.io\node_modules\robotjs
452 info linkStuff robotjs@0.2.2
453 silly linkStuff robotjs@0.2.2 has C:\dev\sites\lanastasov.github.io\node_modules as its parent node_modules
454 verbose linkBins robotjs@0.2.2
455 verbose linkMans robotjs@0.2.2
456 verbose rebuildBundles robotjs@0.2.2
457 verbose rebuildBundles [ 'nan' ]
458 info install robotjs@0.2.2
459 verbose unsafe-perm in lifecycle true
460 info robotjs@0.2.2 Failed to exec install script
461 verbose unlock done using C:\Users\lanastasov\AppData\Roaming\npm-cache\_locks\robotjs-88d0c183570d7e9b.lock for C:\dev\sites\lanastasov.github.io\node_modules\robotjs
462 verbose stack Error: robotjs@0.2.2 install: `node-gyp rebuild`
462 verbose stack Exit status 1
462 verbose stack     at EventEmitter.<anonymous> (C:\Program Files\nodejs\node_modules\npm\lib\utils\lifecycle.js:213:16)
462 verbose stack     at EventEmitter.emit (events.js:110:17)
462 verbose stack     at ChildProcess.<anonymous> (C:\Program Files\nodejs\node_modules\npm\lib\utils\spawn.js:24:14)
462 verbose stack     at ChildProcess.emit (events.js:110:17)
462 verbose stack     at maybeClose (child_process.js:1015:16)
462 verbose stack     at Process.ChildProcess._handle.onexit (child_process.js:1087:5)
463 verbose pkgid robotjs@0.2.2
464 verbose cwd C:\dev\sites\lanastasov.github.io
465 error Windows_NT 6.1.7601
466 error argv "C:\\Program Files\\nodejs\\\\node.exe" "C:\\Program Files\\nodejs\\node_modules\\npm\\bin\\npm-cli.js" "install" "robotjs"
467 error node v0.12.4
468 error npm  v2.10.1
469 error code ELIFECYCLE
470 error robotjs@0.2.2 install: `node-gyp rebuild`
470 error Exit status 1
471 error Failed at the robotjs@0.2.2 install script 'node-gyp rebuild'.
471 error This is most likely a problem with the robotjs package,
471 error not with npm itself.
471 error Tell the author that this fails on your system:
471 error     node-gyp rebuild
471 error You can get their info via:
471 error     npm owner ls robotjs
471 error There is likely additional logging output above.
472 verbose exit [ 1, true ]
473 verbose unbuild node_modules\robotjs
474 info preuninstall robotjs@0.2.2
475 info uninstall robotjs@0.2.2
476 verbose unbuild rmStuff robotjs@0.2.2 from C:\dev\sites\lanastasov.github.io\node_modules
477 info postuninstall robotjs@0.2.2
478 silly gentlyRm C:\dev\sites\lanastasov.github.io\node_modules\robotjs is being purged from base C:\dev\sites\lanastasov.github.io
479 verbose gentlyRm don't care about contents; nuking C:\dev\sites\lanastasov.github.io\node_modules\robotjs
480 silly vacuum-fs purging C:\dev\sites\lanastasov.github.io\node_modules\robotjs
481 silly vacuum-fs removing C:\dev\sites\lanastasov.github.io\node_modules
482 silly vacuum-fs finished vacuuming up to C:\dev\sites\lanastasov.github.io
